<?xml version="1.0" encoding="UTF-8"?>
<!-- Generated by org.testng.reporters.JUnitReportReporter -->
<testsuite hostname="Lord-Vegapunk" failures="0" tests="3" name="test.TestNgFour" time="0.006" errors="0" timestamp="2022-01-12T10:45:46 IST" skipped="0">
  <testcase classname="test.TestNgFour" name="mobileHomeLogin" time="0.001"/>
  <system-out/>
  <testcase classname="test.TestNgFour" name="webHomeLogin" time="0.002"/>
  <system-out/>
  <testcase classname="test.TestNgFour" name="loginAPI" time="0.003"/>
  <system-out/>
</testsuite> <!-- test.TestNgFour -->
