<?xml version="1.0" encoding="UTF-8"?>
<!-- Generated by org.testng.reporters.JUnitReportReporter -->
<testsuite hostname="Lord-Vegapunk" failures="0" tests="7" name="test.TestNgThree" time="0.018" errors="0" timestamp="2022-01-12T10:45:46 IST" skipped="0">
  <testcase classname="test.TestNgThree" name="mobileCarLogin" time="0.007"/>
  <system-out/>
  <testcase classname="test.TestNgThree" name="mobileCarSignOut" time="0.002"/>
  <system-out/>
  <testcase classname="test.TestNgThree" name="loginAPI" time="0.002"/>
  <system-out/>
  <testcase classname="test.TestNgThree" name="mobileCarSignOut" time="0.003"/>
  <system-out/>
  <testcase classname="test.TestNgThree" name="mobileCarSignOut" time="0.002"/>
  <system-out/>
  <testcase classname="test.TestNgThree" name="webCarLogin" time="0.001"/>
  <system-out/>
  <testcase classname="test.TestNgThree" name="mobileCarSignIn" time="0.001"/>
  <system-out/>
</testsuite> <!-- test.TestNgThree -->
