<?xml version="1.0" encoding="UTF-8"?>
<!-- Generated by org.testng.reporters.JUnitReportReporter -->
<testsuite hostname="Lord-Vegapunk" failures="0" tests="1" name="test.TestNgTwo" time="0.002" errors="0" timestamp="2022-01-12T10:45:46 IST" skipped="0">
  <testcase classname="test.TestNgTwo" name="goodbye" time="0.002"/>
  <system-out/>
</testsuite> <!-- test.TestNgTwo -->
